2024-07-04 14:05:17,365 [INFO] Activator:176 - 


2024-07-04 14:05:17,368 [INFO] Activator:177 - !SESSION log4j initialized
2024-07-04 14:05:22,827 [INFO] LogOutputStream:77 - [STDOUT_REDIRECT] 
2024-07-04 14:05:29,583 [INFO] ApplicationProperties:184 - Using Application install path: C:\ST\STM32CubeIDE_1.14.0\STM32CubeIDE\plugins\com.st.stm32cube.common.mx_6.10.0.202311202037
2024-07-04 14:05:29,609 [INFO] DbMcusXml:78 - Set database path to: C:\ST\STM32CubeIDE_1.14.0\STM32CubeIDE\plugins\com.st.stm32cube.common.mx_6.10.0.202311202037\\db\/mcu/
2024-07-04 14:05:29,610 [INFO] ApiDb:274 - Set plugin database path to: C:\ST\STM32CubeIDE_1.14.0\STM32CubeIDE\plugins\com.st.stm32cube.common.mx_6.10.0.202311202037\\db\/plugins/boardmanager/
2024-07-04 14:05:29,610 [WARN] ApiDb:259 - Overriding images path with different value:  => C:\ST\STM32CubeIDE_1.14.0\STM32CubeIDE\plugins\com.st.stm32cube.common.mx_6.10.0.202311202037\\db\/plugins/mcufinder/images/
2024-07-04 14:05:29,625 [INFO] ApiDb:250 - Set database path to: C:\Users\step\.stmcufinder\plugins\mcufinder//mcu/
2024-07-04 14:05:29,627 [INFO] DbMcusAds:125 - Set database path to: C:\Users\step\.stmcufinder\plugins\mcufinder//mcu/
2024-07-04 14:05:29,629 [INFO] CrossReferenceDbSqlite:203 - Set database path to: C:\Users\step\.stmcufinder\plugins\mcufinder//mcu/cs/
2024-07-04 14:05:29,810 [INFO] RulesReader:64 - Compatibility file has been processed (297 Rules)
2024-07-04 14:05:29,952 [INFO] DbMcusXml:78 - Set database path to: C:\ST\STM32CubeIDE_1.14.0\STM32CubeIDE\plugins\com.st.stm32cube.common.mx_6.10.0.202311202037\\db\/mcu/
2024-07-04 14:05:29,952 [INFO] ApiDb:274 - Set plugin database path to: C:\ST\STM32CubeIDE_1.14.0\STM32CubeIDE\plugins\com.st.stm32cube.common.mx_6.10.0.202311202037\\db\/plugins/boardmanager/
2024-07-04 14:05:29,952 [INFO] ApiDb:261 - Set plugin images path to: C:\ST\STM32CubeIDE_1.14.0\STM32CubeIDE\plugins\com.st.stm32cube.common.mx_6.10.0.202311202037\\db\/plugins/mcufinder/images/
2024-07-04 14:05:29,952 [WARN] DbFile:41 - Overriding database path with different value: C:\Users\step\.stmcufinder\plugins\mcufinder/ => C:\Users\step\.stmcufinder\plugins\mcufinder
2024-07-04 14:05:29,953 [INFO] ApiDb:250 - Set database path to: C:\Users\step\.stmcufinder\plugins\mcufinder//mcu/
2024-07-04 14:05:29,953 [WARN] DbFile:41 - Overriding database path with different value: C:\Users\step\.stmcufinder\plugins\mcufinder/ => C:\Users\step\.stmcufinder\plugins\mcufinder
2024-07-04 14:05:29,953 [INFO] DbMcusAds:125 - Set database path to: C:\Users\step\.stmcufinder\plugins\mcufinder//mcu/
2024-07-04 14:05:29,954 [WARN] DbFile:41 - Overriding database path with different value: C:\Users\step\.stmcufinder\plugins\mcufinder/ => C:\Users\step\.stmcufinder\plugins\mcufinder
2024-07-04 14:05:29,954 [WARN] DbFile:41 - Overriding database path with different value: C:\Users\step\.stmcufinder\plugins\mcufinder/ => C:\Users\step\.stmcufinder\plugins\mcufinder
2024-07-04 14:05:29,954 [INFO] CrossReferenceDbSqlite:203 - Set database path to: C:\Users\step\.stmcufinder\plugins\mcufinder//mcu/cs/
2024-07-04 14:05:30,099 [INFO] MainPanel:264 - HeapMemory: 268435456
2024-07-04 14:05:30,254 [INFO] DbMcusXml:78 - Set database path to: C:\ST\STM32CubeIDE_1.14.0\STM32CubeIDE\plugins\com.st.stm32cube.common.mx_6.10.0.202311202037\\db\/mcu/
2024-07-04 14:05:30,255 [INFO] ApiDb:274 - Set plugin database path to: C:\ST\STM32CubeIDE_1.14.0\STM32CubeIDE\plugins\com.st.stm32cube.common.mx_6.10.0.202311202037\\db\/plugins/boardmanager/
2024-07-04 14:05:30,255 [INFO] ApiDb:261 - Set plugin images path to: C:\ST\STM32CubeIDE_1.14.0\STM32CubeIDE\plugins\com.st.stm32cube.common.mx_6.10.0.202311202037\\db\/plugins/mcufinder/images/
2024-07-04 14:05:30,256 [WARN] DbFile:41 - Overriding database path with different value: C:\Users\step\.stmcufinder\plugins\mcufinder/ => C:\Users\step\.stmcufinder\plugins\mcufinder
2024-07-04 14:05:30,256 [INFO] ApiDb:250 - Set database path to: C:\Users\step\.stmcufinder\plugins\mcufinder//mcu/
2024-07-04 14:05:30,256 [WARN] DbFile:41 - Overriding database path with different value: C:\Users\step\.stmcufinder\plugins\mcufinder/ => C:\Users\step\.stmcufinder\plugins\mcufinder
2024-07-04 14:05:30,257 [INFO] DbMcusAds:125 - Set database path to: C:\Users\step\.stmcufinder\plugins\mcufinder//mcu/
2024-07-04 14:05:30,257 [WARN] DbFile:41 - Overriding database path with different value: C:\Users\step\.stmcufinder\plugins\mcufinder/ => C:\Users\step\.stmcufinder\plugins\mcufinder
2024-07-04 14:05:30,257 [WARN] DbFile:41 - Overriding database path with different value: C:\Users\step\.stmcufinder\plugins\mcufinder/ => C:\Users\step\.stmcufinder\plugins\mcufinder
2024-07-04 14:05:30,257 [INFO] CrossReferenceDbSqlite:203 - Set database path to: C:\Users\step\.stmcufinder\plugins\mcufinder//mcu/cs/
2024-07-04 14:05:30,282 [INFO] ApplicationProperties:184 - Using Application install path: C:\ST\STM32CubeIDE_1.14.0\STM32CubeIDE\plugins\com.st.stm32cube.common.mx_6.10.0.202311202037
2024-07-04 14:05:30,285 [INFO] PluginManage:196 - Search for loadable plugins [exclusion list=, ]
2024-07-04 14:05:30,288 [INFO] PluginManage:310 - Check plugin analytics
2024-07-04 14:05:30,618 [INFO] AnalyticsPlugin:253 - Accepted Software Licenses: 
2024-07-04 14:05:30,619 [INFO] AnalyticsPlugin:255 - Accepted CMSIS Pack Licenses: 
2024-07-04 14:05:30,620 [INFO] AnalyticsPlugin:257 - Accepted Firmware Licenses: 
2024-07-04 14:05:30,625 [INFO] PluginManage:359 - Loaded plugin analytics (category:tool,tabindex:-1)
2024-07-04 14:05:30,625 [INFO] PluginManage:310 - Check plugin cadmodel
2024-07-04 14:05:30,649 [INFO] CADModel:105 - Init CAD model plugin
2024-07-04 14:05:30,649 [INFO] PluginManage:359 - Loaded plugin cadmodel (category:power,tabindex:5)
2024-07-04 14:05:30,649 [INFO] PluginManage:310 - Check plugin clock
2024-07-04 14:05:30,688 [INFO] PluginManage:359 - Loaded plugin clock (category:base,tabindex:2)
2024-07-04 14:05:30,688 [INFO] PluginManage:310 - Check plugin ddr
2024-07-04 14:05:30,692 [INFO] PluginManage:359 - Loaded plugin ddr (category:tool,tabindex:6)
2024-07-04 14:05:30,692 [INFO] PluginManage:310 - Check plugin filemanager
2024-07-04 14:05:30,996 [INFO] PluginManage:359 - Loaded plugin filemanager (category:base,tabindex:10)
2024-07-04 14:05:30,997 [INFO] PluginManage:310 - Check plugin ipmanager
2024-07-04 14:05:31,013 [INFO] PluginManage:359 - Loaded plugin ipmanager (category:base,tabindex:5)
2024-07-04 14:05:31,013 [INFO] PluginManage:310 - Check plugin lpbam
2024-07-04 14:05:31,045 [INFO] PluginManage:359 - Loaded plugin lpbam (category:base,tabindex:0)
2024-07-04 14:05:31,045 [INFO] PluginManage:310 - Check plugin memorymap
2024-07-04 14:05:31,085 [INFO] PluginManage:359 - Loaded plugin memorymap (category:base,tabindex:4)
2024-07-04 14:05:31,085 [INFO] PluginManage:310 - Check plugin pinoutandconfiguration
2024-07-04 14:05:31,110 [INFO] PluginManage:359 - Loaded plugin pinoutandconfiguration (category:base,tabindex:1)
2024-07-04 14:05:31,111 [INFO] PluginManage:310 - Check plugin pinoutconfig
2024-07-04 14:05:31,279 [WARN] SupportedApi:132 - Cannot load RTOS API schema: s4s-elt-must-match.1: The content of 'definitions' must match (annotation?, (simpleType | complexType)?, (unique | key | keyref)*)). A problem was found starting at: attribute.
2024-07-04 14:05:31,496 [INFO] PluginManage:359 - Loaded plugin pinoutconfig (category:base,tabindex:0)
2024-07-04 14:05:31,497 [INFO] PluginManage:310 - Check plugin power
2024-07-04 14:05:31,527 [INFO] PluginManage:359 - Loaded plugin power (category:power,tabindex:4)
2024-07-04 14:05:31,527 [INFO] PluginManage:310 - Check plugin projectmanager
2024-07-04 14:05:31,553 [INFO] PluginManage:359 - Loaded plugin projectmanager (category:projectmanager,tabindex:3)
2024-07-04 14:05:31,554 [INFO] PluginManage:310 - Check plugin thirdparty
2024-07-04 14:05:31,947 [INFO] PluginManage:359 - Loaded plugin thirdparty (category:base,tabindex:-1)
2024-07-04 14:05:31,947 [INFO] PluginManage:310 - Check plugin tools
2024-07-04 14:05:31,947 [WARN] IntegrityCheckThread:84 - waiting for thirdparty lock release [integrity check]
2024-07-04 14:05:31,947 [INFO] IntegrityCheckThread:86 - entering critical section [integrity check]
2024-07-04 14:05:31,948 [INFO] ThirdPartyUpdaterWithRetryManager:70 - Updater plugin not ready yet. [1/15]
2024-07-04 14:05:31,989 [INFO] PluginManage:359 - Loaded plugin tools (category:base,tabindex:7)
2024-07-04 14:05:31,989 [INFO] PluginManage:310 - Check plugin tutovideos
2024-07-04 14:05:32,275 [INFO] PluginManage:359 - Loaded plugin tutovideos (category:base,tabindex:-1)
2024-07-04 14:05:32,276 [INFO] PluginManage:310 - Check plugin updater
2024-07-04 14:05:32,293 [INFO] PluginManage:359 - Loaded plugin updater (category:base,tabindex:12)
2024-07-04 14:05:32,293 [INFO] PluginManage:310 - Check plugin userauth
2024-07-04 14:05:32,301 [INFO] UserAuth:114 - Init User Auth plugin
2024-07-04 14:05:32,301 [INFO] PluginManage:359 - Loaded plugin userauth (category:base,tabindex:14)
2024-07-04 14:05:32,301 [INFO] PluginManage:283 - PluginManage : Loaded plugins [17]
2024-07-04 14:05:32,622 [INFO] PinOutPanel:1499 - setPackage(No Configuration,No Configuration)
2024-07-04 14:05:32,748 [INFO] CADModel:165 - CPN selected for project level
2024-07-04 14:05:32,749 [INFO] CADModel:114 - Register for checkConnection events
2024-07-04 14:05:32,791 [INFO] IPUIPlugin:80 - create IPUIPlugin
2024-07-04 14:05:32,791 [INFO] PluginManager:220 - loadIPPluginJar : add adc
2024-07-04 14:05:32,858 [INFO] IPUIPlugin:80 - create IPUIPlugin
2024-07-04 14:05:32,858 [INFO] PluginManager:220 - loadIPPluginJar : add aes
2024-07-04 14:05:32,926 [INFO] IPUIPlugin:80 - create IPUIPlugin
2024-07-04 14:05:32,926 [INFO] PluginManager:220 - loadIPPluginJar : add can
2024-07-04 14:05:32,952 [INFO] IPUIPlugin:80 - create IPUIPlugin
2024-07-04 14:05:32,953 [INFO] PluginManager:220 - loadIPPluginJar : add comp
2024-07-04 14:05:33,005 [INFO] IPUIPlugin:80 - create IPUIPlugin
2024-07-04 14:05:33,005 [INFO] PluginManager:220 - loadIPPluginJar : add cryp
2024-07-04 14:05:33,051 [INFO] IPUIPlugin:80 - create IPUIPlugin
2024-07-04 14:05:33,051 [INFO] PluginManager:220 - loadIPPluginJar : add dfsdm
2024-07-04 14:05:33,073 [INFO] IPUIPlugin:80 - create IPUIPlugin
2024-07-04 14:05:33,074 [INFO] PluginManager:220 - loadIPPluginJar : add dma
2024-07-04 14:05:33,144 [INFO] IPUIPlugin:80 - create IPUIPlugin
2024-07-04 14:05:33,145 [INFO] PluginManager:220 - loadIPPluginJar : add dma3
2024-07-04 14:05:33,171 [INFO] IPUIPlugin:80 - create IPUIPlugin
2024-07-04 14:05:33,171 [INFO] PluginManager:220 - loadIPPluginJar : add fatfs
2024-07-04 14:05:33,228 [INFO] IPUIPlugin:80 - create IPUIPlugin
2024-07-04 14:05:33,228 [INFO] PluginManager:220 - loadIPPluginJar : add fmc
2024-07-04 14:05:33,245 [INFO] IPUIPlugin:80 - create IPUIPlugin
2024-07-04 14:05:33,245 [INFO] PluginManager:220 - loadIPPluginJar : add freertos
2024-07-04 14:05:33,248 [INFO] IPUIPlugin:80 - create IPUIPlugin
2024-07-04 14:05:33,248 [INFO] PluginManager:220 - loadIPPluginJar : add genericplugin
2024-07-04 14:05:33,370 [INFO] IPUIPlugin:80 - create IPUIPlugin
2024-07-04 14:05:33,370 [INFO] PluginManager:220 - loadIPPluginJar : add gfxmmu
2024-07-04 14:05:33,518 [INFO] IPUIPlugin:80 - create IPUIPlugin
2024-07-04 14:05:33,518 [INFO] PluginManager:220 - loadIPPluginJar : add gic
2024-07-04 14:05:33,573 [INFO] IPUIPlugin:80 - create IPUIPlugin
2024-07-04 14:05:33,574 [INFO] PluginManager:220 - loadIPPluginJar : add gpio
2024-07-04 14:05:33,703 [INFO] IPUIPlugin:80 - create IPUIPlugin
2024-07-04 14:05:33,703 [INFO] PluginManager:220 - loadIPPluginJar : add gtzc
2024-07-04 14:05:33,792 [INFO] IPUIPlugin:80 - create IPUIPlugin
2024-07-04 14:05:33,792 [INFO] PluginManager:220 - loadIPPluginJar : add hash
2024-07-04 14:05:33,883 [INFO] IPUIPlugin:80 - create IPUIPlugin
2024-07-04 14:05:33,883 [INFO] PluginManager:220 - loadIPPluginJar : add i2c
2024-07-04 14:05:33,953 [INFO] IPUIPlugin:80 - create IPUIPlugin
2024-07-04 14:05:33,953 [INFO] PluginManager:220 - loadIPPluginJar : add i2s
2024-07-04 14:05:34,044 [INFO] IPUIPlugin:80 - create IPUIPlugin
2024-07-04 14:05:34,044 [INFO] PluginManager:220 - loadIPPluginJar : add i3c
2024-07-04 14:05:34,201 [INFO] IPUIPlugin:80 - create IPUIPlugin
2024-07-04 14:05:34,201 [INFO] PluginManager:220 - loadIPPluginJar : add ipddr
2024-07-04 14:05:34,318 [INFO] IPUIPlugin:80 - create IPUIPlugin
2024-07-04 14:05:34,318 [INFO] PluginManager:220 - loadIPPluginJar : add linkedlist
2024-07-04 14:05:34,357 [INFO] IPUIPlugin:80 - create IPUIPlugin
2024-07-04 14:05:34,358 [INFO] PluginManager:220 - loadIPPluginJar : add lorawan
2024-07-04 14:05:34,395 [INFO] IPUIPlugin:80 - create IPUIPlugin
2024-07-04 14:05:34,395 [INFO] PluginManager:220 - loadIPPluginJar : add ltdc
2024-07-04 14:05:34,411 [INFO] IPUIPlugin:80 - create IPUIPlugin
2024-07-04 14:05:34,412 [INFO] PluginManager:220 - loadIPPluginJar : add mdma
2024-07-04 14:05:34,424 [INFO] IPUIPlugin:80 - create IPUIPlugin
2024-07-04 14:05:34,424 [INFO] PluginManager:220 - loadIPPluginJar : add nvic
2024-07-04 14:05:34,477 [INFO] IPUIPlugin:80 - create IPUIPlugin
2024-07-04 14:05:34,477 [INFO] PluginManager:220 - loadIPPluginJar : add opamp
2024-07-04 14:05:34,551 [INFO] IPUIPlugin:80 - create IPUIPlugin
2024-07-04 14:05:34,552 [INFO] PluginManager:220 - loadIPPluginJar : add openamp
2024-07-04 14:05:34,606 [INFO] IPUIPlugin:80 - create IPUIPlugin
2024-07-04 14:05:34,606 [INFO] PluginManager:220 - loadIPPluginJar : add pdm2pcm
2024-07-04 14:05:34,624 [INFO] IPUIPlugin:80 - create IPUIPlugin
2024-07-04 14:05:34,627 [INFO] PluginManager:220 - loadIPPluginJar : add plateformsettings
2024-07-04 14:05:34,658 [INFO] IPUIPlugin:80 - create IPUIPlugin
2024-07-04 14:05:34,658 [INFO] PluginManager:220 - loadIPPluginJar : add quadspi
2024-07-04 14:05:34,680 [INFO] IPUIPlugin:80 - create IPUIPlugin
2024-07-04 14:05:34,680 [INFO] PluginManager:220 - loadIPPluginJar : add resmgrutility
2024-07-04 14:05:34,740 [INFO] IPUIPlugin:80 - create IPUIPlugin
2024-07-04 14:05:34,740 [INFO] PluginManager:220 - loadIPPluginJar : add sai
2024-07-04 14:05:34,788 [INFO] IPUIPlugin:80 - create IPUIPlugin
2024-07-04 14:05:34,788 [INFO] PluginManager:220 - loadIPPluginJar : add spi
2024-07-04 14:05:34,880 [INFO] IPUIPlugin:80 - create IPUIPlugin
2024-07-04 14:05:34,880 [INFO] PluginManager:220 - loadIPPluginJar : add stm32_wpan
2024-07-04 14:05:34,914 [INFO] IPUIPlugin:80 - create IPUIPlugin
2024-07-04 14:05:34,914 [INFO] PluginManager:220 - loadIPPluginJar : add tim
2024-07-04 14:05:34,950 [INFO] ThirdPartyUpdaterWithRetryManager:70 - Updater plugin not ready yet. [2/15]
2024-07-04 14:05:34,990 [INFO] IPUIPlugin:80 - create IPUIPlugin
2024-07-04 14:05:34,991 [INFO] PluginManager:220 - loadIPPluginJar : add touchsensing
2024-07-04 14:05:35,023 [INFO] IPUIPlugin:80 - create IPUIPlugin
2024-07-04 14:05:35,023 [INFO] PluginManager:220 - loadIPPluginJar : add tracer_emb
2024-07-04 14:05:35,056 [INFO] IPUIPlugin:80 - create IPUIPlugin
2024-07-04 14:05:35,056 [INFO] PluginManager:220 - loadIPPluginJar : add ts
2024-07-04 14:05:35,087 [INFO] IPUIPlugin:80 - create IPUIPlugin
2024-07-04 14:05:35,087 [INFO] PluginManager:220 - loadIPPluginJar : add tsc
2024-07-04 14:05:35,117 [INFO] IPUIPlugin:80 - create IPUIPlugin
2024-07-04 14:05:35,118 [INFO] PluginManager:220 - loadIPPluginJar : add ucpd
2024-07-04 14:05:35,177 [INFO] IPUIPlugin:80 - create IPUIPlugin
2024-07-04 14:05:35,177 [INFO] PluginManager:220 - loadIPPluginJar : add usart
2024-07-04 14:05:35,224 [INFO] IPUIPlugin:80 - create IPUIPlugin
2024-07-04 14:05:35,224 [INFO] PluginManager:220 - loadIPPluginJar : add usbx
2024-07-04 14:05:35,401 [INFO] CADModel:165 - CPN selected for project level
2024-07-04 14:05:35,401 [INFO] CADModel:114 - Register for checkConnection events
2024-07-04 14:05:35,401 [FATAL] Updater:308 - Updater called before beeing initialized
2024-07-04 14:05:35,401 [ERROR] CADModel:125 - Updater not yet initialized, retry later 
2024-07-04 14:05:35,676 [INFO] CADModel:165 - CPN selected for project level
2024-07-04 14:05:35,676 [INFO] CADModel:114 - Register for checkConnection events
2024-07-04 14:05:35,676 [FATAL] Updater:308 - Updater called before beeing initialized
2024-07-04 14:05:35,676 [ERROR] CADModel:125 - Updater not yet initialized, retry later 
2024-07-04 14:05:35,680 [FATAL] Updater:308 - Updater called before beeing initialized
2024-07-04 14:05:35,841 [FATAL] Updater:308 - Updater called before beeing initialized
2024-07-04 14:05:35,853 [INFO] DbMcusAds:53 - JSON generation date=Thu May 16 18:22:00 KST 2024 (1715851320852)
2024-07-04 14:05:35,853 [FATAL] Updater:308 - Updater called before beeing initialized
2024-07-04 14:05:35,966 [WARN] DetailPanel:346 - Failed to get advertising image, set to default
2024-07-04 14:05:36,103 [FATAL] Updater:308 - Updater called before beeing initialized
2024-07-04 14:05:36,107 [FATAL] Updater:308 - Updater called before beeing initialized
2024-07-04 14:05:36,108 [FATAL] Updater:308 - Updater called before beeing initialized
2024-07-04 14:05:36,108 [WARN] DetailPanel:346 - Failed to get advertising image, set to default
2024-07-04 14:05:36,109 [FATAL] Updater:308 - Updater called before beeing initialized
2024-07-04 14:05:36,228 [ERROR] Updater:1120 - MainUpdater not yet initialized. External WinMGr cannot be set.
2024-07-04 14:05:36,246 [INFO] Updater:1056 - Updater Version found : 6.10.0
2024-07-04 14:05:36,277 [INFO] ApplicationProperties:184 - Using Application install path: C:\ST\STM32CubeIDE_1.14.0\STM32CubeIDE\plugins\com.st.stm32cube.common.mx_6.10.0.202311202037
2024-07-04 14:05:37,443 [INFO] MainUpdater:2873 - connection check result : 10
2024-07-04 14:05:37,444 [INFO] MainUpdater:290 - Updater Check For Update Now.
2024-07-04 14:05:37,445 [INFO] MicroXplorer:498 - Change Database Version : DB.6.0.100
2024-07-04 14:05:37,469 [INFO] McuFinderGlobals:63 - Set McuFinder mode to 2 (CubeIDE integrated)
2024-07-04 14:05:37,470 [INFO] UserAuth:180 - activating auth plugin
2024-07-04 14:05:37,476 [INFO] UserAuth:404 - Internet connection configuration mode: 1
2024-07-04 14:05:37,521 [INFO] JxBrowserEngine:152 - Initiate JxBrowser Engine with user profile folder
2024-07-04 14:05:37,746 [INFO] CheckServerUpdateThread:120 - End of CheckServer Thread
2024-07-04 14:05:38,302 [WARN] PackLoader:240 - Cannot read IP mode file for STMicroelectronics.FP-SNS-MOTENVWB1.1.4.0
2024-07-04 14:05:38,336 [WARN] PackLoader:240 - Cannot read IP mode file for STMicroelectronics.X-CUBE-SMBUS.2.1.0
2024-07-04 14:05:38,357 [WARN] PackLoader:240 - Cannot read IP mode file for STMicroelectronics.X-CUBE-TOUCHGFX.4.23.0
2024-07-04 14:05:38,467 [WARN] PackLoader:240 - Cannot read IP mode file for STMicroelectronics.X-CUBE-AZRTOS-F7.1.1.0
2024-07-04 14:05:38,507 [WARN] PackLoader:240 - Cannot read IP mode file for STMicroelectronics.FP-SNS-MOTENV1.4.3.2
2024-07-04 14:05:38,538 [WARN] PackLoader:240 - Cannot read IP mode file for STMicroelectronics.FP-SNS-FLIGHT1.5.0.2
2024-07-04 14:05:38,577 [WARN] PackLoader:240 - Cannot read IP mode file for STMicroelectronics.X-CUBE-DISPLAY.3.0.0
2024-07-04 14:05:38,618 [WARN] PackLoader:240 - Cannot read IP mode file for STMicroelectronics.X-CUBE-BLE1.7.0.0
2024-07-04 14:05:38,650 [WARN] PackLoader:240 - Cannot read IP mode file for emotas.I-CUBE-CANOPEN.1.3.0
2024-07-04 14:05:38,698 [WARN] PackLoader:240 - Cannot read IP mode file for STMicroelectronics.X-CUBE-BLEMGR.3.1.0
2024-07-04 14:05:38,729 [WARN] PackLoader:240 - Cannot read IP mode file for STMicroelectronics.FP-SNS-SMARTAG2.1.2.0
2024-07-04 14:05:38,769 [INFO] LogOutputStream:77 - [STDOUT_REDIRECT] 1 : Invalid condition id : UX_CORESTACK_Condition cause : null
2024-07-04 14:05:38,770 [INFO] LogOutputStream:77 - [STDOUT_REDIRECT] 1 : Invalid condition id : UX_CORESTACK_Condition cause : null
2024-07-04 14:05:38,772 [INFO] LogOutputStream:77 - [STDOUT_REDIRECT] 1 : Invalid condition id : UX_CORESTACK_Condition cause : null
2024-07-04 14:05:38,774 [INFO] LogOutputStream:77 - [STDOUT_REDIRECT] 1 : Invalid condition id : UX_CORESTACK_Condition cause : null
2024-07-04 14:05:38,776 [INFO] LogOutputStream:77 - [STDOUT_REDIRECT] 1 : Invalid condition id : UX_CORESTACK_Condition cause : null
2024-07-04 14:05:38,782 [WARN] PackLoader:240 - Cannot read IP mode file for STMicroelectronics.X-CUBE-AZRTOS-WL.2.0.0
2024-07-04 14:05:38,805 [WARN] PackLoader:240 - Cannot read IP mode file for STMicroelectronics.FP-SNS-MOTENV1.5.0.0
2024-07-04 14:05:38,832 [WARN] PackLoader:240 - Cannot read IP mode file for wolfSSL.I-CUBE-wolfMQTT.1.19.0
2024-07-04 14:05:38,857 [WARN] PackLoader:240 - Cannot read IP mode file for WES.I-CUBE-Cesium.1.3.0
2024-07-04 14:05:38,875 [WARN] PackLoader:240 - Cannot read IP mode file for STMicroelectronics.X-CUBE-BLE2.3.3.0
2024-07-04 14:05:38,898 [WARN] PackLoader:240 - Cannot read IP mode file for STMicroelectronics.X-CUBE-TCPP.4.1.0
2024-07-04 14:05:38,923 [WARN] PackLoader:240 - Cannot read IP mode file for STMicroelectronics.X-CUBE-ALGOBUILD.1.3.0
2024-07-04 14:05:38,966 [WARN] PackLoader:240 - Cannot read IP mode file for STMicroelectronics.X-CUBE-AZRTOS-G0.1.1.0
2024-07-04 14:05:38,991 [WARN] PackLoader:240 - Cannot read IP mode file for STMicroelectronics.X-CUBE-SAFEA1.1.2.2
2024-07-04 14:05:39,018 [WARN] PackLoader:240 - Cannot read IP mode file for STMicroelectronics.X-CUBE-NFC4.3.0.0
2024-07-04 14:05:39,048 [WARN] PackLoader:240 - Cannot read IP mode file for STMicroelectronics.X-CUBE-BLEMGR.3.0.0
2024-07-04 14:05:39,069 [WARN] PackLoader:240 - Cannot read IP mode file for STMicroelectronics.FP-ATR-SIGFOX1.3.2.0
2024-07-04 14:05:39,088 [WARN] PackLoader:240 - Cannot read IP mode file for STMicroelectronics.X-CUBE-EEPRMA1.5.1.0
2024-07-04 14:05:39,149 [WARN] PackLoader:240 - Cannot read IP mode file for SEGGER.I-CUBE-embOS.1.3.1
2024-07-04 14:05:39,225 [WARN] PackLoader:240 - Cannot read IP mode file for STMicroelectronics.X-CUBE-ALGOBUILD.1.4.0
2024-07-04 14:05:39,250 [WARN] PackLoader:240 - Cannot read IP mode file for STMicroelectronics.X-CUBE-GNSS1.6.0.0
2024-07-04 14:05:39,293 [WARN] PackLoader:240 - Cannot read IP mode file for STMicroelectronics.X-CUBE-AZRTOS-F4.1.1.0
2024-07-04 14:05:39,320 [WARN] PackLoader:240 - Cannot read IP mode file for STMicroelectronics.X-CUBE-FREERTOS.1.2.0
2024-07-04 14:05:39,342 [WARN] PackLoader:240 - Cannot read IP mode file for wolfSSL.I-CUBE-wolfSSL.5.6.6
2024-07-04 14:05:39,394 [WARN] PackLoader:240 - Cannot read IP mode file for STMicroelectronics.X-CUBE-AZRTOS-L5.2.0.0
2024-07-04 14:05:39,425 [WARN] PackLoader:240 - Cannot read IP mode file for STMicroelectronics.X-CUBE-EEPRMA1.4.2.0
2024-07-04 14:05:39,459 [WARN] PackLoader:240 - Cannot read IP mode file for STMicroelectronics.X-CUBE-NFC6.3.1.0
2024-07-04 14:05:39,489 [WARN] PackLoader:240 - Cannot read IP mode file for ITTIA_DB.I-CUBE-ITTIADB.8.8.0
2024-07-04 14:05:39,534 [WARN] PackLoader:240 - Cannot read IP mode file for STMicroelectronics.X-CUBE-AI.9.0.0
2024-07-04 14:05:39,569 [WARN] PackLoader:240 - Cannot read IP mode file for STMicroelectronics.X-CUBE-NFC7.1.0.1
2024-07-04 14:05:39,628 [WARN] PackLoader:240 - Cannot read IP mode file for STMicroelectronics.X-CUBE-NFC6.3.0.0
2024-07-04 14:05:39,659 [WARN] PackLoader:240 - Cannot read IP mode file for STMicroelectronics.X-CUBE-AI.8.1.0
2024-07-04 14:05:39,717 [WARN] ConditionMgr:438 - getConditionDescription Invalid condition id : LAN8742 Phy interface Condition cause : null
2024-07-04 14:05:39,718 [WARN] PackLoader:240 - Cannot read IP mode file for STMicroelectronics.X-CUBE-AZRTOS-L4.2.0.0
2024-07-04 14:05:39,722 [WARN] ConditionMgr:1039 - genDependencies : Invalid condition id : LAN8742 Phy interface Condition cause : null
2024-07-04 14:05:39,722 [WARN] ConditionMgr:1039 - genDependencies : Invalid condition id : LAN8742 Phy interface Condition cause : null
2024-07-04 14:05:39,724 [WARN] ConditionMgr:1039 - genDependencies : Invalid condition id : LAN8742 Phy interface Condition cause : null
2024-07-04 14:05:39,754 [WARN] PackLoader:240 - Cannot read IP mode file for STMicroelectronics.X-CUBE-SFXS2LP1.4.0.0
2024-07-04 14:05:39,802 [WARN] ConditionMgr:438 - getConditionDescription Invalid condition id : UX DEVICE CLASS RTOS Condition cause : null
2024-07-04 14:05:39,803 [WARN] ConditionMgr:438 - getConditionDescription Invalid condition id : UX DEVICE CLASS RTOS Condition cause : null
2024-07-04 14:05:39,806 [WARN] PackLoader:240 - Cannot read IP mode file for STMicroelectronics.X-CUBE-AZRTOS-WB.2.0.0
2024-07-04 14:05:39,806 [WARN] ConditionMgr:1039 - genDependencies : Invalid condition id : UX DEVICE CLASS RTOS Condition cause : null
2024-07-04 14:05:39,806 [WARN] ConditionMgr:1039 - genDependencies : Invalid condition id : UX DEVICE CLASS RTOS Condition cause : null
2024-07-04 14:05:39,807 [WARN] ConditionMgr:1039 - genDependencies : Invalid condition id : UX DEVICE CLASS RTOS Condition cause : null
2024-07-04 14:05:39,808 [WARN] ConditionMgr:1039 - genDependencies : Invalid condition id : UX DEVICE CLASS RTOS Condition cause : null
2024-07-04 14:05:39,808 [WARN] ConditionMgr:1039 - genDependencies : Invalid condition id : UX DEVICE CLASS RTOS Condition cause : null
2024-07-04 14:05:39,845 [WARN] PackLoader:240 - Cannot read IP mode file for STMicroelectronics.X-CUBE-SUBG2.5.0.0
2024-07-04 14:05:39,869 [WARN] PackLoader:240 - Cannot read IP mode file for Cesanta.I-CUBE-Mongoose.7.13.0
2024-07-04 14:05:39,913 [WARN] PackLoader:240 - Cannot read IP mode file for STMicroelectronics.X-CUBE-AZRTOS-G4.2.0.0
2024-07-04 14:05:39,955 [WARN] PackLoader:240 - Cannot read IP mode file for Infineon.AIROC-Wi-Fi-Bluetooth-STM32.1.5.1
2024-07-04 14:05:39,980 [WARN] PackLoader:240 - Cannot read IP mode file for STMicroelectronics.FP-SNS-MOTENVWB1.1.3.1
2024-07-04 14:05:40,006 [WARN] PackLoader:240 - Cannot read IP mode file for STMicroelectronics.X-CUBE-ISPU.2.0.0
2024-07-04 14:05:40,031 [WARN] PackLoader:240 - Cannot read IP mode file for STMicroelectronics.X-CUBE-ALS.1.0.2
2024-07-04 14:05:40,115 [WARN] PackLoader:240 - Cannot read IP mode file for STMicroelectronics.X-CUBE-MEMS1.10.0.0
2024-07-04 14:05:40,336 [WARN] PackLoader:240 - Cannot read IP mode file for STMicroelectronics.X-CUBE-FREERTOS.1.1.0
2024-07-04 14:05:40,363 [WARN] PackLoader:240 - Cannot read IP mode file for STMicroelectronics.X-CUBE-TOUCHGFX.4.24.0
2024-07-04 14:05:40,394 [WARN] PackLoader:240 - Cannot read IP mode file for portGmbH.I-Cube-SoM-uGOAL.1.1.0
2024-07-04 14:05:40,420 [WARN] PackLoader:240 - Cannot read IP mode file for STMicroelectronics.X-CUBE-ALS.1.0.1
2024-07-04 14:05:40,475 [WARN] PackLoader:240 - Cannot read IP mode file for STMicroelectronics.X-CUBE-AZRTOS-H7RS.1.0.0
2024-07-04 14:05:40,513 [WARN] PackLoader:240 - Cannot read IP mode file for STMicroelectronics.FP-ATR-ASTRA1.2.0.0
2024-07-04 14:05:40,561 [WARN] PackLoader:240 - Cannot read IP mode file for STMicroelectronics.X-CUBE-TOF1.3.4.0
2024-07-04 14:05:40,619 [WARN] PackLoader:240 - Cannot read IP mode file for STMicroelectronics.X-CUBE-TOF1.3.4.1
2024-07-04 14:05:40,688 [WARN] PackLoader:240 - Cannot read IP mode file for STMicroelectronics.X-CUBE-AZRTOS-H7.3.2.0
2024-07-04 14:05:40,693 [INFO] ThirdParty:978 - Integrity check success = true
2024-07-04 14:05:40,693 [INFO] IntegrityCheckThread:100 - exiting critical section [integrity check]
2024-07-04 14:05:40,694 [INFO] IntegrityCheckThread:103 - End integrity checks thread
2024-07-04 14:05:42,935 [INFO] WebApp:161 - Instantiating new browser for Auth
2024-07-04 14:05:44,123 [INFO] WebApp:780 - Register for checkConnection events
2024-07-04 14:05:44,124 [INFO] WebApp:414 - Apply proxy settings
2024-07-04 14:05:44,124 [INFO] WebApp:499 - Chromium requires no authentication
2024-07-04 14:05:44,145 [INFO] WebApp:442 - Direct internet connection detected
2024-07-04 14:05:44,544 [INFO] WebApp:192 - Starting web application
2024-07-04 14:05:44,544 [INFO] WebApp:544 - Web application path used C:\ST\STM32CubeIDE_1.14.0\STM32CubeIDE\plugins\com.st.stm32cube.common.mx_6.10.0.202311202037\db\plugins\mcufinder\reactClient1\index.html
2024-07-04 14:05:44,857 [ERROR] LogOutputStream:75 - [STDERR_REDIRECT] SLF4J: Failed to load class "org.slf4j.impl.StaticLoggerBinder".
2024-07-04 14:05:44,858 [ERROR] LogOutputStream:75 - [STDERR_REDIRECT] SLF4J: Defaulting to no-operation (NOP) logger implementation
2024-07-04 14:05:44,862 [ERROR] LogOutputStream:75 - [STDERR_REDIRECT] SLF4J: See http://www.slf4j.org/codes.html#StaticLoggerBinder for further details.
2024-07-04 14:06:11,365 [ERROR] LogOutputStream:75 - [STDERR_REDIRECT] 
2024-07-04 14:06:32,927 [INFO] Activator:176 - 


2024-07-04 14:06:32,932 [INFO] Activator:177 - !SESSION log4j initialized
2024-07-04 14:06:38,377 [INFO] LogOutputStream:77 - [STDOUT_REDIRECT] 
2024-07-04 14:06:45,973 [INFO] ApplicationProperties:184 - Using Application install path: C:\ST\STM32CubeIDE_1.14.0\STM32CubeIDE\plugins\com.st.stm32cube.common.mx_6.10.0.202311202037
2024-07-04 14:06:45,994 [INFO] DbMcusXml:78 - Set database path to: C:\ST\STM32CubeIDE_1.14.0\STM32CubeIDE\plugins\com.st.stm32cube.common.mx_6.10.0.202311202037\\db\/mcu/
2024-07-04 14:06:45,994 [INFO] ApiDb:274 - Set plugin database path to: C:\ST\STM32CubeIDE_1.14.0\STM32CubeIDE\plugins\com.st.stm32cube.common.mx_6.10.0.202311202037\\db\/plugins/boardmanager/
2024-07-04 14:06:45,995 [WARN] ApiDb:259 - Overriding images path with different value:  => C:\ST\STM32CubeIDE_1.14.0\STM32CubeIDE\plugins\com.st.stm32cube.common.mx_6.10.0.202311202037\\db\/plugins/mcufinder/images/
2024-07-04 14:06:46,001 [INFO] ApiDb:250 - Set database path to: C:\Users\step\.stmcufinder\plugins\mcufinder//mcu/
2024-07-04 14:06:46,002 [INFO] DbMcusAds:125 - Set database path to: C:\Users\step\.stmcufinder\plugins\mcufinder//mcu/
2024-07-04 14:06:46,005 [INFO] CrossReferenceDbSqlite:203 - Set database path to: C:\Users\step\.stmcufinder\plugins\mcufinder//mcu/cs/
2024-07-04 14:06:46,141 [INFO] RulesReader:64 - Compatibility file has been processed (297 Rules)
2024-07-04 14:06:46,297 [INFO] DbMcusXml:78 - Set database path to: C:\ST\STM32CubeIDE_1.14.0\STM32CubeIDE\plugins\com.st.stm32cube.common.mx_6.10.0.202311202037\\db\/mcu/
2024-07-04 14:06:46,297 [INFO] ApiDb:274 - Set plugin database path to: C:\ST\STM32CubeIDE_1.14.0\STM32CubeIDE\plugins\com.st.stm32cube.common.mx_6.10.0.202311202037\\db\/plugins/boardmanager/
2024-07-04 14:06:46,297 [INFO] ApiDb:261 - Set plugin images path to: C:\ST\STM32CubeIDE_1.14.0\STM32CubeIDE\plugins\com.st.stm32cube.common.mx_6.10.0.202311202037\\db\/plugins/mcufinder/images/
2024-07-04 14:06:46,297 [WARN] DbFile:41 - Overriding database path with different value: C:\Users\step\.stmcufinder\plugins\mcufinder/ => C:\Users\step\.stmcufinder\plugins\mcufinder
2024-07-04 14:06:46,297 [INFO] ApiDb:250 - Set database path to: C:\Users\step\.stmcufinder\plugins\mcufinder//mcu/
2024-07-04 14:06:46,297 [WARN] DbFile:41 - Overriding database path with different value: C:\Users\step\.stmcufinder\plugins\mcufinder/ => C:\Users\step\.stmcufinder\plugins\mcufinder
2024-07-04 14:06:46,297 [INFO] DbMcusAds:125 - Set database path to: C:\Users\step\.stmcufinder\plugins\mcufinder//mcu/
2024-07-04 14:06:46,297 [WARN] DbFile:41 - Overriding database path with different value: C:\Users\step\.stmcufinder\plugins\mcufinder/ => C:\Users\step\.stmcufinder\plugins\mcufinder
2024-07-04 14:06:46,297 [WARN] DbFile:41 - Overriding database path with different value: C:\Users\step\.stmcufinder\plugins\mcufinder/ => C:\Users\step\.stmcufinder\plugins\mcufinder
2024-07-04 14:06:46,298 [INFO] CrossReferenceDbSqlite:203 - Set database path to: C:\Users\step\.stmcufinder\plugins\mcufinder//mcu/cs/
2024-07-04 14:06:46,399 [INFO] MainPanel:264 - HeapMemory: 268435456
2024-07-04 14:06:46,488 [INFO] DbMcusXml:78 - Set database path to: C:\ST\STM32CubeIDE_1.14.0\STM32CubeIDE\plugins\com.st.stm32cube.common.mx_6.10.0.202311202037\\db\/mcu/
2024-07-04 14:06:46,489 [INFO] ApiDb:274 - Set plugin database path to: C:\ST\STM32CubeIDE_1.14.0\STM32CubeIDE\plugins\com.st.stm32cube.common.mx_6.10.0.202311202037\\db\/plugins/boardmanager/
2024-07-04 14:06:46,489 [INFO] ApiDb:261 - Set plugin images path to: C:\ST\STM32CubeIDE_1.14.0\STM32CubeIDE\plugins\com.st.stm32cube.common.mx_6.10.0.202311202037\\db\/plugins/mcufinder/images/
2024-07-04 14:06:46,489 [WARN] DbFile:41 - Overriding database path with different value: C:\Users\step\.stmcufinder\plugins\mcufinder/ => C:\Users\step\.stmcufinder\plugins\mcufinder
2024-07-04 14:06:46,489 [INFO] ApiDb:250 - Set database path to: C:\Users\step\.stmcufinder\plugins\mcufinder//mcu/
2024-07-04 14:06:46,490 [WARN] DbFile:41 - Overriding database path with different value: C:\Users\step\.stmcufinder\plugins\mcufinder/ => C:\Users\step\.stmcufinder\plugins\mcufinder
2024-07-04 14:06:46,490 [INFO] DbMcusAds:125 - Set database path to: C:\Users\step\.stmcufinder\plugins\mcufinder//mcu/
2024-07-04 14:06:46,490 [WARN] DbFile:41 - Overriding database path with different value: C:\Users\step\.stmcufinder\plugins\mcufinder/ => C:\Users\step\.stmcufinder\plugins\mcufinder
2024-07-04 14:06:46,490 [WARN] DbFile:41 - Overriding database path with different value: C:\Users\step\.stmcufinder\plugins\mcufinder/ => C:\Users\step\.stmcufinder\plugins\mcufinder
2024-07-04 14:06:46,490 [INFO] CrossReferenceDbSqlite:203 - Set database path to: C:\Users\step\.stmcufinder\plugins\mcufinder//mcu/cs/
2024-07-04 14:06:46,560 [INFO] ApplicationProperties:184 - Using Application install path: C:\ST\STM32CubeIDE_1.14.0\STM32CubeIDE\plugins\com.st.stm32cube.common.mx_6.10.0.202311202037
2024-07-04 14:06:46,563 [INFO] PluginManage:196 - Search for loadable plugins [exclusion list=, ]
2024-07-04 14:06:46,566 [INFO] PluginManage:310 - Check plugin analytics
2024-07-04 14:06:46,865 [INFO] AnalyticsPlugin:253 - Accepted Software Licenses: 
2024-07-04 14:06:46,866 [INFO] AnalyticsPlugin:255 - Accepted CMSIS Pack Licenses: 
2024-07-04 14:06:46,867 [INFO] AnalyticsPlugin:257 - Accepted Firmware Licenses: 
2024-07-04 14:06:46,872 [INFO] PluginManage:359 - Loaded plugin analytics (category:tool,tabindex:-1)
2024-07-04 14:06:46,872 [INFO] PluginManage:310 - Check plugin cadmodel
2024-07-04 14:06:46,880 [INFO] CADModel:105 - Init CAD model plugin
2024-07-04 14:06:46,881 [INFO] PluginManage:359 - Loaded plugin cadmodel (category:power,tabindex:5)
2024-07-04 14:06:46,881 [INFO] PluginManage:310 - Check plugin clock
2024-07-04 14:06:46,898 [INFO] PluginManage:359 - Loaded plugin clock (category:base,tabindex:2)
2024-07-04 14:06:46,898 [INFO] PluginManage:310 - Check plugin ddr
2024-07-04 14:06:46,902 [INFO] PluginManage:359 - Loaded plugin ddr (category:tool,tabindex:6)
2024-07-04 14:06:46,903 [INFO] PluginManage:310 - Check plugin filemanager
2024-07-04 14:06:47,107 [INFO] PluginManage:359 - Loaded plugin filemanager (category:base,tabindex:10)
2024-07-04 14:06:47,108 [INFO] PluginManage:310 - Check plugin ipmanager
2024-07-04 14:06:47,120 [INFO] PluginManage:359 - Loaded plugin ipmanager (category:base,tabindex:5)
2024-07-04 14:06:47,120 [INFO] PluginManage:310 - Check plugin lpbam
2024-07-04 14:06:47,136 [INFO] PluginManage:359 - Loaded plugin lpbam (category:base,tabindex:0)
2024-07-04 14:06:47,136 [INFO] PluginManage:310 - Check plugin memorymap
2024-07-04 14:06:47,152 [INFO] PluginManage:359 - Loaded plugin memorymap (category:base,tabindex:4)
2024-07-04 14:06:47,152 [INFO] PluginManage:310 - Check plugin pinoutandconfiguration
2024-07-04 14:06:47,161 [INFO] PluginManage:359 - Loaded plugin pinoutandconfiguration (category:base,tabindex:1)
2024-07-04 14:06:47,161 [INFO] PluginManage:310 - Check plugin pinoutconfig
2024-07-04 14:06:47,269 [WARN] SupportedApi:132 - Cannot load RTOS API schema: s4s-elt-must-match.1: The content of 'definitions' must match (annotation?, (simpleType | complexType)?, (unique | key | keyref)*)). A problem was found starting at: attribute.
2024-07-04 14:06:47,434 [INFO] PluginManage:359 - Loaded plugin pinoutconfig (category:base,tabindex:0)
2024-07-04 14:06:47,435 [INFO] PluginManage:310 - Check plugin power
2024-07-04 14:06:47,448 [INFO] PluginManage:359 - Loaded plugin power (category:power,tabindex:4)
2024-07-04 14:06:47,448 [INFO] PluginManage:310 - Check plugin projectmanager
2024-07-04 14:06:47,473 [INFO] PluginManage:359 - Loaded plugin projectmanager (category:projectmanager,tabindex:3)
2024-07-04 14:06:47,473 [INFO] PluginManage:310 - Check plugin thirdparty
2024-07-04 14:06:47,682 [INFO] PluginManage:359 - Loaded plugin thirdparty (category:base,tabindex:-1)
2024-07-04 14:06:47,683 [INFO] PluginManage:310 - Check plugin tools
2024-07-04 14:06:47,682 [WARN] IntegrityCheckThread:84 - waiting for thirdparty lock release [integrity check]
2024-07-04 14:06:47,684 [INFO] IntegrityCheckThread:86 - entering critical section [integrity check]
2024-07-04 14:06:47,684 [INFO] ThirdPartyUpdaterWithRetryManager:70 - Updater plugin not ready yet. [1/15]
2024-07-04 14:06:47,688 [INFO] PluginManage:359 - Loaded plugin tools (category:base,tabindex:7)
2024-07-04 14:06:47,688 [INFO] PluginManage:310 - Check plugin tutovideos
2024-07-04 14:06:47,893 [INFO] PluginManage:359 - Loaded plugin tutovideos (category:base,tabindex:-1)
2024-07-04 14:06:47,893 [INFO] PluginManage:310 - Check plugin updater
2024-07-04 14:06:47,909 [INFO] PluginManage:359 - Loaded plugin updater (category:base,tabindex:12)
2024-07-04 14:06:47,909 [INFO] PluginManage:310 - Check plugin userauth
2024-07-04 14:06:47,918 [INFO] UserAuth:114 - Init User Auth plugin
2024-07-04 14:06:47,918 [INFO] PluginManage:359 - Loaded plugin userauth (category:base,tabindex:14)
2024-07-04 14:06:47,919 [INFO] PluginManage:283 - PluginManage : Loaded plugins [17]
2024-07-04 14:06:48,309 [INFO] PinOutPanel:1499 - setPackage(No Configuration,No Configuration)
2024-07-04 14:06:48,409 [INFO] CADModel:165 - CPN selected for project level
2024-07-04 14:06:48,410 [INFO] CADModel:114 - Register for checkConnection events
2024-07-04 14:06:48,428 [INFO] IPUIPlugin:80 - create IPUIPlugin
2024-07-04 14:06:48,428 [INFO] PluginManager:220 - loadIPPluginJar : add adc
2024-07-04 14:06:48,432 [INFO] IPUIPlugin:80 - create IPUIPlugin
2024-07-04 14:06:48,432 [INFO] PluginManager:220 - loadIPPluginJar : add aes
2024-07-04 14:06:48,435 [INFO] IPUIPlugin:80 - create IPUIPlugin
2024-07-04 14:06:48,435 [INFO] PluginManager:220 - loadIPPluginJar : add can
2024-07-04 14:06:48,437 [INFO] IPUIPlugin:80 - create IPUIPlugin
2024-07-04 14:06:48,437 [INFO] PluginManager:220 - loadIPPluginJar : add comp
2024-07-04 14:06:48,439 [INFO] IPUIPlugin:80 - create IPUIPlugin
2024-07-04 14:06:48,439 [INFO] PluginManager:220 - loadIPPluginJar : add cryp
2024-07-04 14:06:48,442 [INFO] IPUIPlugin:80 - create IPUIPlugin
2024-07-04 14:06:48,442 [INFO] PluginManager:220 - loadIPPluginJar : add dfsdm
2024-07-04 14:06:48,448 [INFO] IPUIPlugin:80 - create IPUIPlugin
2024-07-04 14:06:48,448 [INFO] PluginManager:220 - loadIPPluginJar : add dma
2024-07-04 14:06:48,451 [INFO] IPUIPlugin:80 - create IPUIPlugin
2024-07-04 14:06:48,451 [INFO] PluginManager:220 - loadIPPluginJar : add dma3
2024-07-04 14:06:48,452 [INFO] IPUIPlugin:80 - create IPUIPlugin
2024-07-04 14:06:48,452 [INFO] PluginManager:220 - loadIPPluginJar : add fatfs
2024-07-04 14:06:48,458 [INFO] IPUIPlugin:80 - create IPUIPlugin
2024-07-04 14:06:48,458 [INFO] PluginManager:220 - loadIPPluginJar : add fmc
2024-07-04 14:06:48,467 [INFO] IPUIPlugin:80 - create IPUIPlugin
2024-07-04 14:06:48,467 [INFO] PluginManager:220 - loadIPPluginJar : add freertos
2024-07-04 14:06:48,468 [INFO] IPUIPlugin:80 - create IPUIPlugin
2024-07-04 14:06:48,469 [INFO] PluginManager:220 - loadIPPluginJar : add genericplugin
2024-07-04 14:06:48,471 [INFO] IPUIPlugin:80 - create IPUIPlugin
2024-07-04 14:06:48,472 [INFO] PluginManager:220 - loadIPPluginJar : add gfxmmu
2024-07-04 14:06:48,479 [INFO] IPUIPlugin:80 - create IPUIPlugin
2024-07-04 14:06:48,480 [INFO] PluginManager:220 - loadIPPluginJar : add gic
2024-07-04 14:06:48,486 [INFO] IPUIPlugin:80 - create IPUIPlugin
2024-07-04 14:06:48,486 [INFO] PluginManager:220 - loadIPPluginJar : add gpio
2024-07-04 14:06:48,488 [INFO] IPUIPlugin:80 - create IPUIPlugin
2024-07-04 14:06:48,488 [INFO] PluginManager:220 - loadIPPluginJar : add gtzc
2024-07-04 14:06:48,490 [INFO] IPUIPlugin:80 - create IPUIPlugin
2024-07-04 14:06:48,490 [INFO] PluginManager:220 - loadIPPluginJar : add hash
2024-07-04 14:06:48,493 [INFO] IPUIPlugin:80 - create IPUIPlugin
2024-07-04 14:06:48,493 [INFO] PluginManager:220 - loadIPPluginJar : add i2c
2024-07-04 14:06:48,496 [INFO] IPUIPlugin:80 - create IPUIPlugin
2024-07-04 14:06:48,496 [INFO] PluginManager:220 - loadIPPluginJar : add i2s
2024-07-04 14:06:48,500 [INFO] IPUIPlugin:80 - create IPUIPlugin
2024-07-04 14:06:48,500 [INFO] PluginManager:220 - loadIPPluginJar : add i3c
2024-07-04 14:06:48,503 [INFO] IPUIPlugin:80 - create IPUIPlugin
2024-07-04 14:06:48,503 [INFO] PluginManager:220 - loadIPPluginJar : add ipddr
2024-07-04 14:06:48,512 [INFO] IPUIPlugin:80 - create IPUIPlugin
2024-07-04 14:06:48,513 [INFO] PluginManager:220 - loadIPPluginJar : add linkedlist
2024-07-04 14:06:48,516 [INFO] IPUIPlugin:80 - create IPUIPlugin
2024-07-04 14:06:48,516 [INFO] PluginManager:220 - loadIPPluginJar : add lorawan
2024-07-04 14:06:48,518 [INFO] IPUIPlugin:80 - create IPUIPlugin
2024-07-04 14:06:48,518 [INFO] PluginManager:220 - loadIPPluginJar : add ltdc
2024-07-04 14:06:48,526 [INFO] IPUIPlugin:80 - create IPUIPlugin
2024-07-04 14:06:48,527 [INFO] PluginManager:220 - loadIPPluginJar : add mdma
2024-07-04 14:06:48,531 [INFO] IPUIPlugin:80 - create IPUIPlugin
2024-07-04 14:06:48,532 [INFO] PluginManager:220 - loadIPPluginJar : add nvic
2024-07-04 14:06:48,535 [INFO] IPUIPlugin:80 - create IPUIPlugin
2024-07-04 14:06:48,535 [INFO] PluginManager:220 - loadIPPluginJar : add opamp
2024-07-04 14:06:48,539 [INFO] IPUIPlugin:80 - create IPUIPlugin
2024-07-04 14:06:48,539 [INFO] PluginManager:220 - loadIPPluginJar : add openamp
2024-07-04 14:06:48,543 [INFO] IPUIPlugin:80 - create IPUIPlugin
2024-07-04 14:06:48,543 [INFO] PluginManager:220 - loadIPPluginJar : add pdm2pcm
2024-07-04 14:06:48,550 [INFO] IPUIPlugin:80 - create IPUIPlugin
2024-07-04 14:06:48,553 [INFO] PluginManager:220 - loadIPPluginJar : add plateformsettings
2024-07-04 14:06:48,555 [INFO] IPUIPlugin:80 - create IPUIPlugin
2024-07-04 14:06:48,555 [INFO] PluginManager:220 - loadIPPluginJar : add quadspi
2024-07-04 14:06:48,559 [INFO] IPUIPlugin:80 - create IPUIPlugin
2024-07-04 14:06:48,559 [INFO] PluginManager:220 - loadIPPluginJar : add resmgrutility
2024-07-04 14:06:48,562 [INFO] IPUIPlugin:80 - create IPUIPlugin
2024-07-04 14:06:48,563 [INFO] PluginManager:220 - loadIPPluginJar : add sai
2024-07-04 14:06:48,565 [INFO] IPUIPlugin:80 - create IPUIPlugin
2024-07-04 14:06:48,565 [INFO] PluginManager:220 - loadIPPluginJar : add spi
2024-07-04 14:06:48,570 [INFO] IPUIPlugin:80 - create IPUIPlugin
2024-07-04 14:06:48,570 [INFO] PluginManager:220 - loadIPPluginJar : add stm32_wpan
2024-07-04 14:06:48,572 [INFO] IPUIPlugin:80 - create IPUIPlugin
2024-07-04 14:06:48,572 [INFO] PluginManager:220 - loadIPPluginJar : add tim
2024-07-04 14:06:48,576 [INFO] IPUIPlugin:80 - create IPUIPlugin
2024-07-04 14:06:48,576 [INFO] PluginManager:220 - loadIPPluginJar : add touchsensing
2024-07-04 14:06:48,579 [INFO] IPUIPlugin:80 - create IPUIPlugin
2024-07-04 14:06:48,579 [INFO] PluginManager:220 - loadIPPluginJar : add tracer_emb
2024-07-04 14:06:48,581 [INFO] IPUIPlugin:80 - create IPUIPlugin
2024-07-04 14:06:48,581 [INFO] PluginManager:220 - loadIPPluginJar : add ts
2024-07-04 14:06:48,583 [INFO] IPUIPlugin:80 - create IPUIPlugin
2024-07-04 14:06:48,584 [INFO] PluginManager:220 - loadIPPluginJar : add tsc
2024-07-04 14:06:48,586 [INFO] IPUIPlugin:80 - create IPUIPlugin
2024-07-04 14:06:48,586 [INFO] PluginManager:220 - loadIPPluginJar : add ucpd
2024-07-04 14:06:48,588 [INFO] IPUIPlugin:80 - create IPUIPlugin
2024-07-04 14:06:48,588 [INFO] PluginManager:220 - loadIPPluginJar : add usart
2024-07-04 14:06:48,594 [INFO] IPUIPlugin:80 - create IPUIPlugin
2024-07-04 14:06:48,594 [INFO] PluginManager:220 - loadIPPluginJar : add usbx
2024-07-04 14:06:48,803 [INFO] CADModel:165 - CPN selected for project level
2024-07-04 14:06:48,804 [INFO] CADModel:114 - Register for checkConnection events
2024-07-04 14:06:48,804 [FATAL] Updater:308 - Updater called before beeing initialized
2024-07-04 14:06:48,804 [ERROR] CADModel:125 - Updater not yet initialized, retry later 
2024-07-04 14:06:49,061 [INFO] CADModel:165 - CPN selected for project level
2024-07-04 14:06:49,061 [INFO] CADModel:114 - Register for checkConnection events
2024-07-04 14:06:49,061 [FATAL] Updater:308 - Updater called before beeing initialized
2024-07-04 14:06:49,061 [ERROR] CADModel:125 - Updater not yet initialized, retry later 
2024-07-04 14:06:49,065 [FATAL] Updater:308 - Updater called before beeing initialized
2024-07-04 14:06:49,253 [FATAL] Updater:308 - Updater called before beeing initialized
2024-07-04 14:06:49,262 [INFO] DbMcusAds:53 - JSON generation date=Thu May 16 18:22:00 KST 2024 (1715851320852)
2024-07-04 14:06:49,263 [FATAL] Updater:308 - Updater called before beeing initialized
2024-07-04 14:06:49,335 [WARN] DetailPanel:346 - Failed to get advertising image, set to default
2024-07-04 14:06:49,535 [FATAL] Updater:308 - Updater called before beeing initialized
2024-07-04 14:06:49,538 [FATAL] Updater:308 - Updater called before beeing initialized
2024-07-04 14:06:49,538 [FATAL] Updater:308 - Updater called before beeing initialized
2024-07-04 14:06:49,538 [WARN] DetailPanel:346 - Failed to get advertising image, set to default
2024-07-04 14:06:49,539 [FATAL] Updater:308 - Updater called before beeing initialized
2024-07-04 14:06:49,640 [ERROR] Updater:1120 - MainUpdater not yet initialized. External WinMGr cannot be set.
2024-07-04 14:06:49,647 [INFO] Updater:1056 - Updater Version found : 6.10.0
2024-07-04 14:06:49,715 [INFO] ApplicationProperties:184 - Using Application install path: C:\ST\STM32CubeIDE_1.14.0\STM32CubeIDE\plugins\com.st.stm32cube.common.mx_6.10.0.202311202037
2024-07-04 14:06:50,685 [INFO] ThirdPartyUpdaterWithRetryManager:70 - Updater plugin not ready yet. [2/15]
2024-07-04 14:07:06,092 [INFO] Activator:176 - 


2024-07-04 14:07:06,095 [INFO] Activator:177 - !SESSION log4j initialized
2024-07-04 14:07:09,717 [INFO] LogOutputStream:77 - [STDOUT_REDIRECT] 
2024-07-04 14:07:14,929 [INFO] ApplicationProperties:184 - Using Application install path: C:\ST\STM32CubeIDE_1.14.0\STM32CubeIDE\plugins\com.st.stm32cube.common.mx_6.10.0.202311202037
2024-07-04 14:07:14,956 [INFO] DbMcusXml:78 - Set database path to: C:\ST\STM32CubeIDE_1.14.0\STM32CubeIDE\plugins\com.st.stm32cube.common.mx_6.10.0.202311202037\\db\/mcu/
2024-07-04 14:07:14,956 [INFO] ApiDb:274 - Set plugin database path to: C:\ST\STM32CubeIDE_1.14.0\STM32CubeIDE\plugins\com.st.stm32cube.common.mx_6.10.0.202311202037\\db\/plugins/boardmanager/
2024-07-04 14:07:14,957 [WARN] ApiDb:259 - Overriding images path with different value:  => C:\ST\STM32CubeIDE_1.14.0\STM32CubeIDE\plugins\com.st.stm32cube.common.mx_6.10.0.202311202037\\db\/plugins/mcufinder/images/
2024-07-04 14:07:14,966 [INFO] ApiDb:250 - Set database path to: C:\Users\step\.stmcufinder\plugins\mcufinder//mcu/
2024-07-04 14:07:14,968 [INFO] DbMcusAds:125 - Set database path to: C:\Users\step\.stmcufinder\plugins\mcufinder//mcu/
2024-07-04 14:07:14,972 [INFO] CrossReferenceDbSqlite:203 - Set database path to: C:\Users\step\.stmcufinder\plugins\mcufinder//mcu/cs/
2024-07-04 14:07:15,159 [INFO] RulesReader:64 - Compatibility file has been processed (297 Rules)
2024-07-04 14:07:15,273 [INFO] DbMcusXml:78 - Set database path to: C:\ST\STM32CubeIDE_1.14.0\STM32CubeIDE\plugins\com.st.stm32cube.common.mx_6.10.0.202311202037\\db\/mcu/
2024-07-04 14:07:15,273 [INFO] ApiDb:274 - Set plugin database path to: C:\ST\STM32CubeIDE_1.14.0\STM32CubeIDE\plugins\com.st.stm32cube.common.mx_6.10.0.202311202037\\db\/plugins/boardmanager/
2024-07-04 14:07:15,273 [INFO] ApiDb:261 - Set plugin images path to: C:\ST\STM32CubeIDE_1.14.0\STM32CubeIDE\plugins\com.st.stm32cube.common.mx_6.10.0.202311202037\\db\/plugins/mcufinder/images/
2024-07-04 14:07:15,274 [WARN] DbFile:41 - Overriding database path with different value: C:\Users\step\.stmcufinder\plugins\mcufinder/ => C:\Users\step\.stmcufinder\plugins\mcufinder
2024-07-04 14:07:15,274 [INFO] ApiDb:250 - Set database path to: C:\Users\step\.stmcufinder\plugins\mcufinder//mcu/
2024-07-04 14:07:15,274 [WARN] DbFile:41 - Overriding database path with different value: C:\Users\step\.stmcufinder\plugins\mcufinder/ => C:\Users\step\.stmcufinder\plugins\mcufinder
2024-07-04 14:07:15,274 [INFO] DbMcusAds:125 - Set database path to: C:\Users\step\.stmcufinder\plugins\mcufinder//mcu/
2024-07-04 14:07:15,274 [WARN] DbFile:41 - Overriding database path with different value: C:\Users\step\.stmcufinder\plugins\mcufinder/ => C:\Users\step\.stmcufinder\plugins\mcufinder
2024-07-04 14:07:15,274 [WARN] DbFile:41 - Overriding database path with different value: C:\Users\step\.stmcufinder\plugins\mcufinder/ => C:\Users\step\.stmcufinder\plugins\mcufinder
2024-07-04 14:07:15,274 [INFO] CrossReferenceDbSqlite:203 - Set database path to: C:\Users\step\.stmcufinder\plugins\mcufinder//mcu/cs/
2024-07-04 14:07:15,359 [INFO] MainPanel:264 - HeapMemory: 268435456
2024-07-04 14:07:15,452 [INFO] DbMcusXml:78 - Set database path to: C:\ST\STM32CubeIDE_1.14.0\STM32CubeIDE\plugins\com.st.stm32cube.common.mx_6.10.0.202311202037\\db\/mcu/
2024-07-04 14:07:15,452 [INFO] ApiDb:274 - Set plugin database path to: C:\ST\STM32CubeIDE_1.14.0\STM32CubeIDE\plugins\com.st.stm32cube.common.mx_6.10.0.202311202037\\db\/plugins/boardmanager/
2024-07-04 14:07:15,452 [INFO] ApiDb:261 - Set plugin images path to: C:\ST\STM32CubeIDE_1.14.0\STM32CubeIDE\plugins\com.st.stm32cube.common.mx_6.10.0.202311202037\\db\/plugins/mcufinder/images/
2024-07-04 14:07:15,452 [WARN] DbFile:41 - Overriding database path with different value: C:\Users\step\.stmcufinder\plugins\mcufinder/ => C:\Users\step\.stmcufinder\plugins\mcufinder
2024-07-04 14:07:15,452 [INFO] ApiDb:250 - Set database path to: C:\Users\step\.stmcufinder\plugins\mcufinder//mcu/
2024-07-04 14:07:15,453 [WARN] DbFile:41 - Overriding database path with different value: C:\Users\step\.stmcufinder\plugins\mcufinder/ => C:\Users\step\.stmcufinder\plugins\mcufinder
2024-07-04 14:07:15,453 [INFO] DbMcusAds:125 - Set database path to: C:\Users\step\.stmcufinder\plugins\mcufinder//mcu/
2024-07-04 14:07:15,453 [WARN] DbFile:41 - Overriding database path with different value: C:\Users\step\.stmcufinder\plugins\mcufinder/ => C:\Users\step\.stmcufinder\plugins\mcufinder
2024-07-04 14:07:15,453 [WARN] DbFile:41 - Overriding database path with different value: C:\Users\step\.stmcufinder\plugins\mcufinder/ => C:\Users\step\.stmcufinder\plugins\mcufinder
2024-07-04 14:07:15,453 [INFO] CrossReferenceDbSqlite:203 - Set database path to: C:\Users\step\.stmcufinder\plugins\mcufinder//mcu/cs/
2024-07-04 14:07:15,516 [INFO] ApplicationProperties:184 - Using Application install path: C:\ST\STM32CubeIDE_1.14.0\STM32CubeIDE\plugins\com.st.stm32cube.common.mx_6.10.0.202311202037
2024-07-04 14:07:15,518 [INFO] PluginManage:196 - Search for loadable plugins [exclusion list=, ]
2024-07-04 14:07:15,520 [INFO] PluginManage:310 - Check plugin analytics
2024-07-04 14:07:15,800 [INFO] AnalyticsPlugin:253 - Accepted Software Licenses: 
2024-07-04 14:07:15,801 [INFO] AnalyticsPlugin:255 - Accepted CMSIS Pack Licenses: 
2024-07-04 14:07:15,801 [INFO] AnalyticsPlugin:257 - Accepted Firmware Licenses: 
2024-07-04 14:07:15,805 [INFO] PluginManage:359 - Loaded plugin analytics (category:tool,tabindex:-1)
2024-07-04 14:07:15,806 [INFO] PluginManage:310 - Check plugin cadmodel
2024-07-04 14:07:15,812 [INFO] CADModel:105 - Init CAD model plugin
2024-07-04 14:07:15,812 [INFO] PluginManage:359 - Loaded plugin cadmodel (category:power,tabindex:5)
2024-07-04 14:07:15,812 [INFO] PluginManage:310 - Check plugin clock
2024-07-04 14:07:15,826 [INFO] PluginManage:359 - Loaded plugin clock (category:base,tabindex:2)
2024-07-04 14:07:15,826 [INFO] PluginManage:310 - Check plugin ddr
2024-07-04 14:07:15,829 [INFO] PluginManage:359 - Loaded plugin ddr (category:tool,tabindex:6)
2024-07-04 14:07:15,829 [INFO] PluginManage:310 - Check plugin filemanager
2024-07-04 14:07:16,067 [INFO] PluginManage:359 - Loaded plugin filemanager (category:base,tabindex:10)
2024-07-04 14:07:16,067 [INFO] PluginManage:310 - Check plugin ipmanager
2024-07-04 14:07:16,080 [INFO] PluginManage:359 - Loaded plugin ipmanager (category:base,tabindex:5)
2024-07-04 14:07:16,081 [INFO] PluginManage:310 - Check plugin lpbam
2024-07-04 14:07:16,096 [INFO] PluginManage:359 - Loaded plugin lpbam (category:base,tabindex:0)
2024-07-04 14:07:16,096 [INFO] PluginManage:310 - Check plugin memorymap
2024-07-04 14:07:16,148 [INFO] PluginManage:359 - Loaded plugin memorymap (category:base,tabindex:4)
2024-07-04 14:07:16,148 [INFO] PluginManage:310 - Check plugin pinoutandconfiguration
2024-07-04 14:07:16,163 [INFO] PluginManage:359 - Loaded plugin pinoutandconfiguration (category:base,tabindex:1)
2024-07-04 14:07:16,164 [INFO] PluginManage:310 - Check plugin pinoutconfig
2024-07-04 14:07:16,317 [WARN] SupportedApi:132 - Cannot load RTOS API schema: s4s-elt-must-match.1: The content of 'definitions' must match (annotation?, (simpleType | complexType)?, (unique | key | keyref)*)). A problem was found starting at: attribute.
2024-07-04 14:07:16,492 [INFO] PluginManage:359 - Loaded plugin pinoutconfig (category:base,tabindex:0)
2024-07-04 14:07:16,492 [INFO] PluginManage:310 - Check plugin power
2024-07-04 14:07:16,505 [INFO] PluginManage:359 - Loaded plugin power (category:power,tabindex:4)
2024-07-04 14:07:16,505 [INFO] PluginManage:310 - Check plugin projectmanager
2024-07-04 14:07:16,532 [INFO] PluginManage:359 - Loaded plugin projectmanager (category:projectmanager,tabindex:3)
2024-07-04 14:07:16,532 [INFO] PluginManage:310 - Check plugin thirdparty
2024-07-04 14:07:16,772 [INFO] PluginManage:359 - Loaded plugin thirdparty (category:base,tabindex:-1)
2024-07-04 14:07:16,772 [INFO] PluginManage:310 - Check plugin tools
2024-07-04 14:07:16,772 [WARN] IntegrityCheckThread:84 - waiting for thirdparty lock release [integrity check]
2024-07-04 14:07:16,773 [INFO] IntegrityCheckThread:86 - entering critical section [integrity check]
2024-07-04 14:07:16,774 [INFO] ThirdPartyUpdaterWithRetryManager:70 - Updater plugin not ready yet. [1/15]
2024-07-04 14:07:16,778 [INFO] PluginManage:359 - Loaded plugin tools (category:base,tabindex:7)
2024-07-04 14:07:16,778 [INFO] PluginManage:310 - Check plugin tutovideos
2024-07-04 14:07:17,118 [INFO] PluginManage:359 - Loaded plugin tutovideos (category:base,tabindex:-1)
2024-07-04 14:07:17,118 [INFO] PluginManage:310 - Check plugin updater
2024-07-04 14:07:17,134 [INFO] PluginManage:359 - Loaded plugin updater (category:base,tabindex:12)
2024-07-04 14:07:17,135 [INFO] PluginManage:310 - Check plugin userauth
2024-07-04 14:07:17,144 [INFO] UserAuth:114 - Init User Auth plugin
2024-07-04 14:07:17,145 [INFO] PluginManage:359 - Loaded plugin userauth (category:base,tabindex:14)
2024-07-04 14:07:17,146 [INFO] PluginManage:283 - PluginManage : Loaded plugins [17]
2024-07-04 14:07:17,743 [INFO] PinOutPanel:1499 - setPackage(No Configuration,No Configuration)
2024-07-04 14:07:17,853 [INFO] CADModel:165 - CPN selected for project level
2024-07-04 14:07:17,853 [INFO] CADModel:114 - Register for checkConnection events
2024-07-04 14:07:17,874 [INFO] IPUIPlugin:80 - create IPUIPlugin
2024-07-04 14:07:17,875 [INFO] PluginManager:220 - loadIPPluginJar : add adc
2024-07-04 14:07:17,878 [INFO] IPUIPlugin:80 - create IPUIPlugin
2024-07-04 14:07:17,879 [INFO] PluginManager:220 - loadIPPluginJar : add aes
2024-07-04 14:07:17,881 [INFO] IPUIPlugin:80 - create IPUIPlugin
2024-07-04 14:07:17,881 [INFO] PluginManager:220 - loadIPPluginJar : add can
2024-07-04 14:07:17,883 [INFO] IPUIPlugin:80 - create IPUIPlugin
2024-07-04 14:07:17,883 [INFO] PluginManager:220 - loadIPPluginJar : add comp
2024-07-04 14:07:17,885 [INFO] IPUIPlugin:80 - create IPUIPlugin
2024-07-04 14:07:17,886 [INFO] PluginManager:220 - loadIPPluginJar : add cryp
2024-07-04 14:07:17,888 [INFO] IPUIPlugin:80 - create IPUIPlugin
2024-07-04 14:07:17,888 [INFO] PluginManager:220 - loadIPPluginJar : add dfsdm
2024-07-04 14:07:17,894 [INFO] IPUIPlugin:80 - create IPUIPlugin
2024-07-04 14:07:17,895 [INFO] PluginManager:220 - loadIPPluginJar : add dma
2024-07-04 14:07:17,899 [INFO] IPUIPlugin:80 - create IPUIPlugin
2024-07-04 14:07:17,899 [INFO] PluginManager:220 - loadIPPluginJar : add dma3
2024-07-04 14:07:17,900 [INFO] IPUIPlugin:80 - create IPUIPlugin
2024-07-04 14:07:17,900 [INFO] PluginManager:220 - loadIPPluginJar : add fatfs
2024-07-04 14:07:17,905 [INFO] IPUIPlugin:80 - create IPUIPlugin
2024-07-04 14:07:17,905 [INFO] PluginManager:220 - loadIPPluginJar : add fmc
2024-07-04 14:07:17,911 [INFO] IPUIPlugin:80 - create IPUIPlugin
2024-07-04 14:07:17,911 [INFO] PluginManager:220 - loadIPPluginJar : add freertos
2024-07-04 14:07:17,913 [INFO] IPUIPlugin:80 - create IPUIPlugin
2024-07-04 14:07:17,913 [INFO] PluginManager:220 - loadIPPluginJar : add genericplugin
2024-07-04 14:07:17,916 [INFO] IPUIPlugin:80 - create IPUIPlugin
2024-07-04 14:07:17,916 [INFO] PluginManager:220 - loadIPPluginJar : add gfxmmu
2024-07-04 14:07:17,923 [INFO] IPUIPlugin:80 - create IPUIPlugin
2024-07-04 14:07:17,923 [INFO] PluginManager:220 - loadIPPluginJar : add gic
2024-07-04 14:07:17,929 [INFO] IPUIPlugin:80 - create IPUIPlugin
2024-07-04 14:07:17,929 [INFO] PluginManager:220 - loadIPPluginJar : add gpio
2024-07-04 14:07:17,933 [INFO] IPUIPlugin:80 - create IPUIPlugin
2024-07-04 14:07:17,933 [INFO] PluginManager:220 - loadIPPluginJar : add gtzc
2024-07-04 14:07:17,935 [INFO] IPUIPlugin:80 - create IPUIPlugin
2024-07-04 14:07:17,935 [INFO] PluginManager:220 - loadIPPluginJar : add hash
2024-07-04 14:07:17,940 [INFO] IPUIPlugin:80 - create IPUIPlugin
2024-07-04 14:07:17,940 [INFO] PluginManager:220 - loadIPPluginJar : add i2c
2024-07-04 14:07:17,944 [INFO] IPUIPlugin:80 - create IPUIPlugin
2024-07-04 14:07:17,944 [INFO] PluginManager:220 - loadIPPluginJar : add i2s
2024-07-04 14:07:17,949 [INFO] IPUIPlugin:80 - create IPUIPlugin
2024-07-04 14:07:17,949 [INFO] PluginManager:220 - loadIPPluginJar : add i3c
2024-07-04 14:07:17,953 [INFO] IPUIPlugin:80 - create IPUIPlugin
2024-07-04 14:07:17,954 [INFO] PluginManager:220 - loadIPPluginJar : add ipddr
2024-07-04 14:07:17,966 [INFO] IPUIPlugin:80 - create IPUIPlugin
2024-07-04 14:07:17,967 [INFO] PluginManager:220 - loadIPPluginJar : add linkedlist
2024-07-04 14:07:17,972 [INFO] IPUIPlugin:80 - create IPUIPlugin
2024-07-04 14:07:17,972 [INFO] PluginManager:220 - loadIPPluginJar : add lorawan
2024-07-04 14:07:17,975 [INFO] IPUIPlugin:80 - create IPUIPlugin
2024-07-04 14:07:17,976 [INFO] PluginManager:220 - loadIPPluginJar : add ltdc
2024-07-04 14:07:17,987 [INFO] IPUIPlugin:80 - create IPUIPlugin
2024-07-04 14:07:17,988 [INFO] PluginManager:220 - loadIPPluginJar : add mdma
2024-07-04 14:07:17,995 [INFO] IPUIPlugin:80 - create IPUIPlugin
2024-07-04 14:07:17,996 [INFO] PluginManager:220 - loadIPPluginJar : add nvic
2024-07-04 14:07:18,001 [INFO] IPUIPlugin:80 - create IPUIPlugin
2024-07-04 14:07:18,002 [INFO] PluginManager:220 - loadIPPluginJar : add opamp
2024-07-04 14:07:18,006 [INFO] IPUIPlugin:80 - create IPUIPlugin
2024-07-04 14:07:18,006 [INFO] PluginManager:220 - loadIPPluginJar : add openamp
2024-07-04 14:07:18,010 [INFO] IPUIPlugin:80 - create IPUIPlugin
2024-07-04 14:07:18,010 [INFO] PluginManager:220 - loadIPPluginJar : add pdm2pcm
2024-07-04 14:07:18,018 [INFO] IPUIPlugin:80 - create IPUIPlugin
2024-07-04 14:07:18,020 [INFO] PluginManager:220 - loadIPPluginJar : add plateformsettings
2024-07-04 14:07:18,021 [INFO] IPUIPlugin:80 - create IPUIPlugin
2024-07-04 14:07:18,021 [INFO] PluginManager:220 - loadIPPluginJar : add quadspi
2024-07-04 14:07:18,027 [INFO] IPUIPlugin:80 - create IPUIPlugin
2024-07-04 14:07:18,027 [INFO] PluginManager:220 - loadIPPluginJar : add resmgrutility
2024-07-04 14:07:18,032 [INFO] IPUIPlugin:80 - create IPUIPlugin
2024-07-04 14:07:18,032 [INFO] PluginManager:220 - loadIPPluginJar : add sai
2024-07-04 14:07:18,037 [INFO] IPUIPlugin:80 - create IPUIPlugin
2024-07-04 14:07:18,037 [INFO] PluginManager:220 - loadIPPluginJar : add spi
